TN:
SF:src/middleware/adminAuth.ts
FN:15,requireAdmin
FNF:1
FNH:1
FNDA:22,requireAdmin
DA:15,1
DA:16,22
DA:17,22
DA:18,22
DA:19,22
DA:20,22
DA:21,2
DA:22,2
DA:23,2
DA:24,2
DA:25,2
DA:26,2
DA:27,20
DA:28,20
LF:14
LH:14
BRDA:15,0,0,22
BRDA:20,1,0,2
BRDA:26,2,0,20
BRF:3
BRH:3
end_of_record
TN:
SF:src/middleware/deviceToken.ts
FN:20,deviceTokenMiddleware
FNF:1
FNH:1
FNDA:84,deviceTokenMiddleware
DA:1,1
DA:20,1
DA:21,84
DA:22,84
DA:23,84
DA:24,84
DA:26,84
DA:29,84
DA:30,81
DA:31,81
DA:34,84
DA:35,84
DA:36,2
DA:37,2
DA:40,84
DA:43,84
DA:45,84
DA:46,84
LF:18
LH:18
BRDA:20,0,0,84
BRDA:29,1,0,81
BRDA:35,2,0,2
BRF:3
BRH:3
end_of_record
TN:
SF:src/routes/admin.ts
FN:10,adminRoutes
FNF:1
FNH:1
FNDA:53,adminRoutes
DA:1,1
DA:10,1
DA:11,53
DA:17,53
DA:18,25
DA:19,25
DA:21,25
DA:22,1
DA:23,1
DA:24,1
DA:26,24
DA:28,25
DA:29,0
DA:30,0
DA:31,0
DA:32,0
DA:35,24
DA:36,24
DA:37,1
DA:39,1
DA:40,1
DA:41,1
DA:42,1
DA:44,23
DA:45,23
DA:46,25
DA:47,0
DA:48,0
DA:49,0
DA:50,53
DA:55,53
DA:56,1
DA:57,1
DA:58,0
DA:59,0
DA:60,0
DA:61,1
DA:62,1
DA:63,53
DA:69,53
DA:70,4
DA:71,53
DA:74,53
DA:82,53
DA:83,1
DA:84,1
DA:85,1
DA:86,1
DA:87,1
DA:88,1
DA:89,1
DA:90,1
DA:91,1
DA:92,1
DA:93,1
DA:94,1
DA:95,1
DA:97,1
DA:98,1
DA:99,0
DA:100,0
DA:101,0
DA:102,53
DA:108,53
DA:109,3
DA:110,3
DA:112,3
DA:113,1
DA:114,1
DA:115,1
DA:117,3
DA:118,1
DA:119,1
DA:120,1
DA:122,1
DA:123,1
DA:124,1
DA:125,1
DA:126,3
DA:127,3
DA:128,3
DA:129,3
DA:131,1
DA:132,3
DA:133,0
DA:134,0
DA:135,0
DA:136,53
DA:142,53
DA:143,2
DA:144,2
DA:145,2
DA:147,2
DA:148,2
DA:149,1
DA:150,1
DA:151,1
DA:153,1
DA:154,1
DA:155,1
DA:156,1
DA:157,2
DA:158,2
DA:159,2
DA:160,2
DA:161,2
DA:163,1
DA:164,2
DA:165,0
DA:166,0
DA:167,0
DA:168,53
DA:174,53
DA:175,2
DA:176,2
DA:178,2
DA:179,2
DA:180,1
DA:181,1
DA:182,1
DA:184,1
DA:185,1
DA:186,2
DA:187,0
DA:188,0
DA:189,0
DA:190,53
DA:196,53
DA:197,1
DA:198,1
DA:200,1
DA:201,1
DA:202,1
DA:203,1
DA:204,1
DA:205,1
DA:206,1
DA:207,1
DA:208,1
DA:209,1
DA:211,1
DA:212,1
DA:213,0
DA:214,0
DA:215,0
DA:216,53
DA:224,53
DA:225,1
DA:226,1
DA:227,1
DA:228,1
DA:229,1
DA:230,1
DA:231,1
DA:232,1
DA:233,1
DA:235,1
DA:236,1
DA:237,0
DA:238,0
DA:239,0
DA:240,53
DA:246,53
DA:247,4
DA:248,4
DA:250,4
DA:251,1
DA:252,1
DA:253,1
DA:255,3
DA:256,3
DA:258,4
DA:259,0
DA:260,0
DA:261,0
DA:263,4
DA:264,1
DA:265,1
DA:266,1
DA:269,2
DA:270,2
DA:271,2
DA:272,2
DA:273,2
DA:274,2
DA:275,2
DA:276,2
DA:278,4
DA:279,1
DA:280,1
DA:281,1
DA:283,1
DA:284,1
DA:285,1
DA:286,1
DA:287,4
DA:288,4
DA:289,4
DA:291,1
DA:292,4
DA:293,0
DA:294,0
DA:295,0
DA:296,53
DA:302,53
DA:303,0
DA:304,0
DA:305,0
DA:307,0
DA:308,0
DA:309,0
DA:310,0
DA:311,0
DA:313,0
DA:315,0
DA:316,0
DA:317,0
DA:318,0
DA:319,0
DA:320,0
DA:321,0
DA:322,0
DA:324,0
DA:325,0
DA:326,0
DA:327,0
DA:328,0
DA:329,0
DA:330,0
DA:331,0
DA:333,0
DA:334,0
DA:335,0
DA:337,0
DA:338,0
DA:339,0
DA:340,0
DA:342,0
DA:343,0
DA:344,0
DA:345,0
DA:346,0
DA:347,53
DA:353,53
DA:354,3
DA:355,3
DA:357,3
DA:358,3
DA:359,1
DA:360,1
DA:361,1
DA:363,3
DA:364,1
DA:365,1
DA:366,1
DA:368,1
DA:369,1
DA:370,1
DA:371,1
DA:373,1
DA:374,3
DA:375,0
DA:376,0
DA:377,0
DA:378,53
DA:384,53
DA:385,1
DA:386,1
DA:388,1
DA:389,1
DA:390,0
DA:391,0
DA:392,0
DA:394,1
DA:395,1
DA:396,1
DA:397,0
DA:398,0
DA:399,0
DA:400,53
DA:406,53
DA:407,2
DA:408,2
DA:410,2
DA:411,2
DA:412,2
DA:413,2
DA:414,2
DA:415,2
DA:416,2
DA:417,2
DA:418,2
DA:419,2
DA:420,2
DA:421,2
DA:422,2
DA:423,2
DA:424,2
DA:425,2
DA:427,2
DA:428,1
DA:429,1
DA:430,1
DA:433,1
DA:436,1
DA:438,2
DA:439,2
DA:440,3
DA:441,3
DA:442,2
DA:443,2
DA:444,2
DA:445,2
DA:446,2
DA:447,2
DA:448,3
DA:449,3
DA:450,3
DA:451,2
DA:454,1
DA:456,1
DA:457,1
DA:458,1
DA:459,1
DA:460,1
DA:461,1
DA:462,1
DA:463,1
DA:464,1
DA:465,1
DA:466,1
DA:467,2
DA:468,0
DA:469,0
DA:470,0
DA:471,53
DA:473,53
DA:474,53
LF:338
LH:255
BRDA:10,0,0,53
BRDA:17,1,0,25
BRDA:21,2,0,1
BRDA:24,3,0,24
BRDA:28,4,0,0
BRDA:32,5,0,24
BRDA:36,6,0,1
BRDA:37,7,0,1
BRDA:42,8,0,23
BRDA:46,9,0,0
BRDA:55,10,0,1
BRDA:56,11,0,1
BRDA:57,12,0,0
BRDA:69,13,0,4
BRDA:82,14,0,1
BRDA:98,15,0,0
BRDA:108,16,0,3
BRDA:112,17,0,2
BRDA:112,18,0,1
BRDA:115,19,0,2
BRDA:117,20,0,1
BRDA:117,21,0,1
BRDA:126,22,0,0
BRDA:129,23,0,1
BRDA:132,24,0,0
BRDA:142,25,0,2
BRDA:148,26,0,1
BRDA:157,27,0,0
BRDA:158,28,0,0
BRDA:159,29,0,1
BRDA:161,30,0,1
BRDA:164,31,0,0
BRDA:174,32,0,2
BRDA:179,33,0,1
BRDA:186,34,0,0
BRDA:196,35,0,1
BRDA:212,36,0,0
BRDA:224,37,0,1
BRDA:236,38,0,0
BRDA:246,39,0,4
BRDA:250,40,0,3
BRDA:250,41,0,1
BRDA:253,42,0,3
BRDA:258,43,0,0
BRDA:261,44,0,3
BRDA:263,45,0,1
BRDA:266,46,0,2
BRDA:278,47,0,1
BRDA:287,48,0,0
BRDA:289,49,0,1
BRDA:292,50,0,0
BRDA:353,51,0,3
BRDA:358,52,0,1
BRDA:361,53,0,2
BRDA:363,54,0,1
BRDA:374,55,0,0
BRDA:384,56,0,1
BRDA:389,57,0,0
BRDA:396,58,0,0
BRDA:406,59,0,2
BRDA:427,60,0,1
BRDA:439,61,0,3
BRDA:441,62,0,2
BRDA:451,63,0,1
BRDA:467,64,0,0
BRDA:454,65,0,1
BRF:66
BRH:47
end_of_record
TN:
SF:src/routes/public.ts
FN:13,publicRoutes
FNF:1
FNH:1
FNDA:53,publicRoutes
DA:1,1
DA:13,1
DA:14,53
DA:20,53
DA:21,3
DA:22,3
DA:25,3
DA:26,3
DA:27,3
DA:28,3
DA:29,3
DA:30,3
DA:31,3
DA:32,3
DA:33,3
DA:34,3
DA:35,3
DA:36,3
DA:37,3
DA:39,3
DA:40,3
DA:41,3
DA:42,3
DA:43,3
DA:44,0
DA:45,0
DA:46,0
DA:47,53
DA:53,53
DA:54,3
DA:55,3
DA:57,3
DA:58,3
DA:59,3
DA:60,3
DA:61,3
DA:62,3
DA:63,3
DA:64,3
DA:65,3
DA:66,3
DA:67,3
DA:68,3
DA:71,3
DA:72,2
DA:73,2
DA:74,2
DA:75,2
DA:76,2
DA:77,2
DA:78,2
DA:79,3
DA:81,3
DA:82,3
DA:83,0
DA:84,0
DA:85,0
DA:86,53
DA:92,53
DA:93,4
DA:94,4
DA:95,4
DA:96,4
DA:99,4
DA:100,1
DA:101,1
DA:102,1
DA:104,3
DA:107,3
DA:108,3
DA:109,3
DA:111,4
DA:112,1
DA:113,1
DA:114,1
DA:117,2
DA:118,2
DA:119,2
DA:120,2
DA:121,2
DA:122,2
DA:123,2
DA:124,2
DA:126,4
DA:128,1
DA:129,1
DA:130,1
DA:132,1
DA:133,1
DA:134,1
DA:136,1
DA:137,1
DA:138,1
DA:141,1
DA:142,1
DA:143,1
DA:144,1
DA:145,1
DA:146,1
DA:147,1
DA:149,1
DA:150,1
DA:151,1
DA:153,1
DA:154,4
DA:155,0
DA:156,0
DA:157,0
DA:158,53
DA:164,53
DA:165,4
DA:166,4
DA:167,4
DA:168,4
DA:171,4
DA:172,1
DA:173,1
DA:174,1
DA:176,4
DA:177,1
DA:178,1
DA:179,1
DA:181,4
DA:182,0
DA:183,0
DA:184,0
DA:186,2
DA:189,2
DA:190,2
DA:191,2
DA:193,4
DA:194,1
DA:195,1
DA:196,1
DA:199,1
DA:200,1
DA:201,1
DA:202,1
DA:203,1
DA:204,1
DA:205,1
DA:206,1
DA:207,1
DA:209,1
DA:210,4
DA:211,0
DA:212,0
DA:213,0
DA:214,53
DA:220,53
DA:221,3
DA:222,3
DA:223,3
DA:226,3
DA:227,3
DA:228,3
DA:229,3
DA:230,3
DA:231,3
DA:232,3
DA:234,3
DA:235,1
DA:236,1
DA:237,1
DA:240,2
DA:241,2
DA:242,2
DA:243,2
DA:244,2
DA:245,2
DA:246,2
DA:247,2
DA:248,2
DA:249,2
DA:250,2
DA:251,2
DA:252,2
DA:253,2
DA:254,2
DA:256,2
DA:257,2
DA:258,2
DA:259,2
DA:260,2
DA:261,2
DA:262,1
DA:263,1
DA:264,1
DA:265,2
DA:266,2
DA:267,1
DA:268,1
DA:269,1
DA:270,1
DA:271,3
DA:272,3
DA:273,0
DA:274,0
DA:275,0
DA:276,53
DA:282,53
DA:283,8
DA:284,8
DA:285,8
DA:286,8
DA:289,8
DA:290,1
DA:291,1
DA:292,1
DA:294,8
DA:295,1
DA:296,1
DA:297,1
DA:299,8
DA:300,0
DA:301,0
DA:302,0
DA:304,6
DA:307,6
DA:308,6
DA:309,6
DA:310,6
DA:311,6
DA:312,6
DA:313,6
DA:315,8
DA:316,1
DA:317,1
DA:318,1
DA:321,8
DA:322,1
DA:323,1
DA:324,1
DA:325,1
DA:326,1
DA:329,4
DA:330,4
DA:331,4
DA:332,4
DA:333,4
DA:334,4
DA:335,4
DA:336,4
DA:338,8
DA:339,1
DA:340,1
DA:341,1
DA:344,3
DA:345,3
DA:346,3
DA:347,3
DA:348,3
DA:349,3
DA:351,8
DA:352,1
DA:353,1
DA:354,1
DA:357,2
DA:358,2
DA:359,2
DA:360,2
DA:361,2
DA:362,2
DA:363,2
DA:365,8
DA:366,1
DA:367,1
DA:368,1
DA:371,1
DA:372,1
DA:373,1
DA:374,1
DA:375,1
DA:376,1
DA:377,1
DA:378,1
DA:379,1
DA:381,1
DA:382,1
DA:383,2
DA:384,2
DA:385,1
DA:386,1
DA:388,1
DA:389,1
DA:391,1
DA:392,1
DA:393,1
DA:394,1
DA:395,1
DA:396,8
DA:397,0
DA:398,0
DA:399,0
DA:400,53
DA:402,53
DA:403,53
LF:297
LH:273
BRDA:13,0,0,53
BRDA:20,1,0,3
BRDA:43,2,0,0
BRDA:53,3,0,3
BRDA:82,4,0,0
BRDA:71,5,0,2
BRDA:92,6,0,4
BRDA:99,7,0,1
BRDA:102,8,0,3
BRDA:111,9,0,1
BRDA:114,10,0,2
BRDA:126,11,0,1
BRDA:154,12,0,0
BRDA:164,13,0,4
BRDA:171,14,0,3
BRDA:171,15,0,3
BRDA:171,16,0,1
BRDA:174,17,0,3
BRDA:176,18,0,2
BRDA:176,19,0,2
BRDA:176,20,0,1
BRDA:179,21,0,2
BRDA:181,22,0,0
BRDA:184,23,0,2
BRDA:193,24,0,1
BRDA:210,25,0,0
BRDA:220,26,0,3
BRDA:234,27,0,1
BRDA:237,28,0,2
BRDA:261,29,0,1
BRDA:269,30,0,1
BRDA:272,31,0,0
BRDA:264,32,0,2
BRDA:282,33,0,8
BRDA:289,34,0,7
BRDA:289,35,0,7
BRDA:289,36,0,1
BRDA:292,37,0,7
BRDA:294,38,0,1
BRDA:297,39,0,6
BRDA:299,40,0,0
BRDA:302,41,0,6
BRDA:315,42,0,1
BRDA:318,43,0,5
BRDA:321,44,0,1
BRDA:326,45,0,4
BRDA:338,46,0,1
BRDA:341,47,0,3
BRDA:351,48,0,1
BRDA:354,49,0,2
BRDA:365,50,0,1
BRDA:396,51,0,0
BRDA:371,52,0,1
BRDA:382,53,0,2
BRF:54
BRH:46
end_of_record
TN:
SF:src/services/fingerprint.ts
FN:21,hashFingerprint
FN:43,validateFingerprintSignals
FNF:2
FNH:2
FNDA:27,hashFingerprint
FNDA:23,validateFingerprintSignals
DA:1,1
DA:21,1
DA:23,27
DA:24,27
DA:25,27
DA:26,27
DA:27,27
DA:29,27
DA:30,27
DA:31,27
DA:34,27
DA:37,27
DA:38,27
DA:43,1
DA:44,23
DA:45,5
DA:46,5
DA:48,18
DA:50,18
DA:51,18
DA:52,17
DA:53,16
DA:54,15
DA:55,14
DA:56,13
DA:58,23
LF:26
LH:26
BRDA:21,0,0,27
BRDA:24,1,0,1
BRDA:25,2,0,1
BRDA:26,3,0,1
BRDA:27,4,0,1
BRDA:29,5,0,1
BRDA:30,6,0,1
BRDA:43,7,0,23
BRDA:44,8,0,20
BRDA:44,9,0,5
BRDA:46,10,0,22
BRDA:46,11,0,18
BRDA:51,12,0,17
BRDA:52,13,0,16
BRDA:53,14,0,15
BRDA:54,15,0,14
BRDA:55,16,0,13
BRF:17
BRH:17
end_of_record
